<?xml version="1.0" encoding="UTF-8" ?>
<testsuite tests="1" failures="0" name="com.anwesha.mavendemo.AppTest" time="0.004" errors="0" skipped="0">
  <properties>
    <property name="java.runtime.name" value="Java(TM) SE Runtime Environment"/>
    <property name="sun.boot.library.path" value="C:\Users\somu\somu\software\jdk1.8.0_144\jre\bin"/>
    <property name="java.vm.version" value="25.144-b01"/>
    <property name="java.vm.vendor" value="Oracle Corporation"/>
    <property name="maven.multiModuleProjectDirectory" value="C:\Users\somu\somu\Anwesha_Spring\mavendemo"/>
    <property name="java.vendor.url" value="http://java.oracle.com/"/>
    <property name="path.separator" value=";"/>
    <property name="guice.disable.misplaced.annotation.check" value="true"/>
    <property name="java.vm.name" value="Java HotSpot(TM) 64-Bit Server VM"/>
    <property name="file.encoding.pkg" value="sun.io"/>
    <property name="user.script" value=""/>
    <property name="user.country" value="US"/>
    <property name="sun.java.launcher" value="SUN_STANDARD"/>
    <property name="sun.os.patch.level" value=""/>
    <property name="java.vm.specification.name" value="Java Virtual Machine Specification"/>
    <property name="user.dir" value="C:\Users\somu\somu\Anwesha_Spring\mavendemo"/>
    <property name="java.runtime.version" value="1.8.0_144-b01"/>
    <property name="java.awt.graphicsenv" value="sun.awt.Win32GraphicsEnvironment"/>
    <property name="java.endorsed.dirs" value="C:\Users\somu\somu\software\jdk1.8.0_144\jre\lib\endorsed"/>
    <property name="os.arch" value="amd64"/>
    <property name="java.io.tmpdir" value="C:\Users\somu\AppData\Local\Temp\"/>
    <property name="line.separator" value="
"/>
    <property name="java.vm.specification.vendor" value="Oracle Corporation"/>
    <property name="user.variant" value=""/>
    <property name="os.name" value="Windows 10"/>
    <property name="classworlds.conf" value="C:\Users\somu\somu\Anwesha_Spring\.metadata\.plugins\org.eclipse.m2e.launching\launches\m2conf1870073840850631887.tmp"/>
    <property name="sun.jnu.encoding" value="Cp1252"/>
    <property name="java.library.path" value="C:\Users\somu\somu\software\jdk1.8.0_144\bin;C:\WINDOWS\Sun\Java\bin;C:\WINDOWS\system32;C:\WINDOWS;C:/Users/somu/somu/software/jdk1.8.0_144/bin/../jre/bin/server;C:/Users/somu/somu/software/jdk1.8.0_144/bin/../jre/bin;C:/Users/somu/somu/software/jdk1.8.0_144/bin/../jre/lib/amd64;C:\Users\somu\somu\software\jdk1.8.0_144\bin;C:\Users\somu\somu\software\apache-maven-3.3.9\bin;C:\Windows\system32;C:\Windows;C:\Windows\System32\Wbem;C:\Windows\System32\WindowsPowerShell\v1.0\;C:\Program Files (x86)\NVIDIA Corporation\PhysX\Common;C:\Program Files\Git\cmd;;C:\WINDOWS\system32;C:\WINDOWS;C:\WINDOWS\System32\Wbem;C:\WINDOWS\System32\WindowsPowerShell\v1.0\;C:\xampp\php;C:\ProgramData\ComposerSetup\bin;C:\Users\somu\somu\DevDeskTop\tools;C:\WINDOWS\System32\OpenSSH\;C:\Program Files\PuTTY\;C:\Users\somu\AppData\Local\Programs\Python\Python36\Scripts\;C:\Users\somu\AppData\Local\Programs\Python\Python36\;C:\Users\somu\AppData\Local\Microsoft\WindowsApps;C:\Users\somu\AppData\Roaming\Composer\vendor\bin;C:\Users\somu\AppData\roaming\Python\Python36\scripts;;C:\WINDOWS\system32;;."/>
    <property name="java.specification.name" value="Java Platform API Specification"/>
    <property name="java.class.version" value="52.0"/>
    <property name="sun.management.compiler" value="HotSpot 64-Bit Tiered Compilers"/>
    <property name="os.version" value="10.0"/>
    <property name="user.home" value="C:\Users\somu"/>
    <property name="user.timezone" value="Asia/Calcutta"/>
    <property name="java.awt.printerjob" value="sun.awt.windows.WPrinterJob"/>
    <property name="java.specification.version" value="1.8"/>
    <property name="file.encoding" value="Cp1252"/>
    <property name="user.name" value="somu"/>
    <property name="java.class.path" value="/C:/Users/somu/somu/software/eclipse-oxygen/eclipse/../../../../.p2/pool/plugins/org.eclipse.m2e.maven.runtime_1.8.0.20170516-2042/jars/plexus-classworlds-2.5.2.jar"/>
    <property name="java.vm.specification.version" value="1.8"/>
    <property name="sun.arch.data.model" value="64"/>
    <property name="java.home" value="C:\Users\somu\somu\software\jdk1.8.0_144\jre"/>
    <property name="sun.java.command" value="org.codehaus.plexus.classworlds.launcher.Launcher -B clean install"/>
    <property name="java.specification.vendor" value="Oracle Corporation"/>
    <property name="user.language" value="en"/>
    <property name="awt.toolkit" value="sun.awt.windows.WToolkit"/>
    <property name="java.vm.info" value="mixed mode"/>
    <property name="java.version" value="1.8.0_144"/>
    <property name="java.ext.dirs" value="C:\Users\somu\somu\software\jdk1.8.0_144\jre\lib\ext;C:\WINDOWS\Sun\Java\lib\ext"/>
    <property name="sun.boot.class.path" value="C:\Users\somu\somu\software\jdk1.8.0_144\jre\lib\resources.jar;C:\Users\somu\somu\software\jdk1.8.0_144\jre\lib\rt.jar;C:\Users\somu\somu\software\jdk1.8.0_144\jre\lib\sunrsasign.jar;C:\Users\somu\somu\software\jdk1.8.0_144\jre\lib\jsse.jar;C:\Users\somu\somu\software\jdk1.8.0_144\jre\lib\jce.jar;C:\Users\somu\somu\software\jdk1.8.0_144\jre\lib\charsets.jar;C:\Users\somu\somu\software\jdk1.8.0_144\jre\lib\jfr.jar;C:\Users\somu\somu\software\jdk1.8.0_144\jre\classes"/>
    <property name="java.vendor" value="Oracle Corporation"/>
    <property name="maven.home" value="C:\Users\somu\somu\Anwesha_Spring\mavendemo\EMBEDDED"/>
    <property name="file.separator" value="\"/>
    <property name="java.vendor.url.bug" value="http://bugreport.sun.com/bugreport/"/>
    <property name="sun.cpu.endian" value="little"/>
    <property name="sun.io.unicode.encoding" value="UnicodeLittle"/>
    <property name="sun.desktop" value="windows"/>
    <property name="sun.cpu.isalist" value="amd64"/>
  </properties>
  <testcase classname="com.anwesha.mavendemo.AppTest" name="testApp" time="0.004"/>
</testsuite>